{"/Users/russellpowers/food and farm/cypress.config.js": {"path":"/Users/russellpowers/food and farm/cypress.config.js","statementMap":{"0":{"start":{"line":1,"column":25},"end":{"line":1,"column":43}},"1":{"start":{"line":3,"column":0},"end":{"line":14,"column":3}}},"fnMap":{"0":{"name":"(anonymous_0)","decl":{"start":{"line":6,"column":4},"end":{"line":6,"column":5}},"loc":{"start":{"line":6,"column":32},"end":{"line":8,"column":5}},"line":6}},"branchMap":{},"s":{"0":0,"1":0},"f":{"0":0},"b":{}}
,"/Users/russellpowers/food and farm/server.js": {"path":"/Users/russellpowers/food and farm/server.js","statementMap":{"0":{"start":{"line":1,"column":0},"end":{"line":1,"column":27}},"1":{"start":{"line":2,"column":16},"end":{"line":2,"column":34}},"2":{"start":{"line":3,"column":13},"end":{"line":3,"column":28}},"3":{"start":{"line":4,"column":15},"end":{"line":4,"column":32}},"4":{"start":{"line":5,"column":13},"end":{"line":5,"column":28}},"5":{"start":{"line":6,"column":11},"end":{"line":6,"column":39}},"6":{"start":{"line":8,"column":12},"end":{"line":8,"column":21}},"7":{"start":{"line":9,"column":13},"end":{"line":9,"column":37}},"8":{"start":{"line":12,"column":16},"end":{"line":20,"column":2}},"9":{"start":{"line":14,"column":4},"end":{"line":14,"column":32}},"10":{"start":{"line":17,"column":25},"end":{"line":17,"column":75}},"11":{"start":{"line":18,"column":4},"end":{"line":18,"column":84}},"12":{"start":{"line":22,"column":15},"end":{"line":36,"column":2}},"13":{"start":{"line":28,"column":25},"end":{"line":28,"column":43}},"14":{"start":{"line":29,"column":20},"end":{"line":29,"column":84}},"15":{"start":{"line":30,"column":21},"end":{"line":30,"column":53}},"16":{"start":{"line":31,"column":4},"end":{"line":33,"column":5}},"17":{"start":{"line":32,"column":6},"end":{"line":32,"column":28}},"18":{"start":{"line":34,"column":4},"end":{"line":34,"column":51}},"19":{"start":{"line":39,"column":0},"end":{"line":39,"column":16}},"20":{"start":{"line":40,"column":0},"end":{"line":40,"column":24}},"21":{"start":{"line":41,"column":0},"end":{"line":41,"column":34}},"22":{"start":{"line":44,"column":0},"end":{"line":51,"column":3}},"23":{"start":{"line":45,"column":2},"end":{"line":50,"column":3}},"24":{"start":{"line":46,"column":19},"end":{"line":46,"column":84}},"25":{"start":{"line":47,"column":4},"end":{"line":47,"column":26}},"26":{"start":{"line":49,"column":4},"end":{"line":49,"column":49}},"27":{"start":{"line":53,"column":0},"end":{"line":75,"column":3}},"28":{"start":{"line":54,"column":2},"end":{"line":74,"column":3}},"29":{"start":{"line":55,"column":21},"end":{"line":55,"column":31}},"30":{"start":{"line":56,"column":23},"end":{"line":56,"column":84}},"31":{"start":{"line":58,"column":4},"end":{"line":60,"column":5}},"32":{"start":{"line":59,"column":6},"end":{"line":59,"column":63}},"33":{"start":{"line":62,"column":17},"end":{"line":62,"column":35}},"34":{"start":{"line":63,"column":27},"end":{"line":66,"column":5}},"35":{"start":{"line":68,"column":4},"end":{"line":71,"column":7}},"36":{"start":{"line":73,"column":4},"end":{"line":73,"column":49}},"37":{"start":{"line":77,"column":0},"end":{"line":86,"column":3}},"38":{"start":{"line":78,"column":2},"end":{"line":85,"column":3}},"39":{"start":{"line":79,"column":19},"end":{"line":81,"column":5}},"40":{"start":{"line":82,"column":4},"end":{"line":82,"column":26}},"41":{"start":{"line":84,"column":4},"end":{"line":84,"column":49}},"42":{"start":{"line":88,"column":0},"end":{"line":97,"column":3}},"43":{"start":{"line":89,"column":2},"end":{"line":96,"column":3}},"44":{"start":{"line":90,"column":19},"end":{"line":92,"column":5}},"45":{"start":{"line":93,"column":4},"end":{"line":93,"column":26}},"46":{"start":{"line":95,"column":4},"end":{"line":95,"column":49}},"47":{"start":{"line":99,"column":0},"end":{"line":112,"column":3}},"48":{"start":{"line":100,"column":2},"end":{"line":111,"column":3}},"49":{"start":{"line":101,"column":21},"end":{"line":101,"column":31}},"50":{"start":{"line":102,"column":19},"end":{"line":102,"column":85}},"51":{"start":{"line":104,"column":4},"end":{"line":106,"column":5}},"52":{"start":{"line":105,"column":6},"end":{"line":105,"column":68}},"53":{"start":{"line":108,"column":4},"end":{"line":108,"column":29}},"54":{"start":{"line":110,"column":4},"end":{"line":110,"column":49}},"55":{"start":{"line":115,"column":0},"end":{"line":136,"column":3}},"56":{"start":{"line":116,"column":2},"end":{"line":135,"column":3}},"57":{"start":{"line":117,"column":46},"end":{"line":117,"column":54}},"58":{"start":{"line":120,"column":4},"end":{"line":122,"column":5}},"59":{"start":{"line":121,"column":6},"end":{"line":121,"column":72}},"60":{"start":{"line":125,"column":4},"end":{"line":128,"column":6}},"61":{"start":{"line":132,"column":4},"end":{"line":132,"column":55}},"62":{"start":{"line":134,"column":4},"end":{"line":134,"column":49}},"63":{"start":{"line":139,"column":0},"end":{"line":158,"column":3}},"64":{"start":{"line":140,"column":2},"end":{"line":157,"column":3}},"65":{"start":{"line":141,"column":4},"end":{"line":143,"column":5}},"66":{"start":{"line":142,"column":6},"end":{"line":142,"column":65}},"67":{"start":{"line":146,"column":19},"end":{"line":149,"column":5}},"68":{"start":{"line":151,"column":4},"end":{"line":154,"column":7}},"69":{"start":{"line":156,"column":4},"end":{"line":156,"column":49}},"70":{"start":{"line":161,"column":0},"end":{"line":164,"column":3}},"71":{"start":{"line":162,"column":2},"end":{"line":162,"column":27}},"72":{"start":{"line":163,"column":2},"end":{"line":163,"column":59}},"73":{"start":{"line":167,"column":0},"end":{"line":169,"column":3}},"74":{"start":{"line":168,"column":2},"end":{"line":168,"column":48}}},"fnMap":{"0":{"name":"(anonymous_0)","decl":{"start":{"line":13,"column":15},"end":{"line":13,"column":16}},"loc":{"start":{"line":13,"column":34},"end":{"line":15,"column":3}},"line":13},"1":{"name":"(anonymous_1)","decl":{"start":{"line":16,"column":12},"end":{"line":16,"column":13}},"loc":{"start":{"line":16,"column":31},"end":{"line":19,"column":3}},"line":16},"2":{"name":"(anonymous_2)","decl":{"start":{"line":27,"column":14},"end":{"line":27,"column":15}},"loc":{"start":{"line":27,"column":33},"end":{"line":35,"column":3}},"line":27},"3":{"name":"(anonymous_3)","decl":{"start":{"line":44,"column":27},"end":{"line":44,"column":28}},"loc":{"start":{"line":44,"column":47},"end":{"line":51,"column":1}},"line":44},"4":{"name":"(anonymous_4)","decl":{"start":{"line":53,"column":28},"end":{"line":53,"column":29}},"loc":{"start":{"line":53,"column":48},"end":{"line":75,"column":1}},"line":53},"5":{"name":"(anonymous_5)","decl":{"start":{"line":77,"column":23},"end":{"line":77,"column":24}},"loc":{"start":{"line":77,"column":43},"end":{"line":86,"column":1}},"line":77},"6":{"name":"(anonymous_6)","decl":{"start":{"line":88,"column":27},"end":{"line":88,"column":28}},"loc":{"start":{"line":88,"column":47},"end":{"line":97,"column":1}},"line":88},"7":{"name":"(anonymous_7)","decl":{"start":{"line":99,"column":33},"end":{"line":99,"column":34}},"loc":{"start":{"line":99,"column":53},"end":{"line":112,"column":1}},"line":99},"8":{"name":"(anonymous_8)","decl":{"start":{"line":115,"column":25},"end":{"line":115,"column":26}},"loc":{"start":{"line":115,"column":45},"end":{"line":136,"column":1}},"line":115},"9":{"name":"(anonymous_9)","decl":{"start":{"line":139,"column":47},"end":{"line":139,"column":48}},"loc":{"start":{"line":139,"column":67},"end":{"line":158,"column":1}},"line":139},"10":{"name":"(anonymous_10)","decl":{"start":{"line":161,"column":8},"end":{"line":161,"column":9}},"loc":{"start":{"line":161,"column":33},"end":{"line":164,"column":1}},"line":161},"11":{"name":"(anonymous_11)","decl":{"start":{"line":167,"column":17},"end":{"line":167,"column":18}},"loc":{"start":{"line":167,"column":23},"end":{"line":169,"column":1}},"line":167}},"branchMap":{"0":{"loc":{"start":{"line":9,"column":13},"end":{"line":9,"column":37}},"type":"binary-expr","locations":[{"start":{"line":9,"column":13},"end":{"line":9,"column":29}},{"start":{"line":9,"column":33},"end":{"line":9,"column":37}}],"line":9},"1":{"loc":{"start":{"line":31,"column":4},"end":{"line":33,"column":5}},"type":"if","locations":[{"start":{"line":31,"column":4},"end":{"line":33,"column":5}},{"start":{},"end":{}}],"line":31},"2":{"loc":{"start":{"line":31,"column":8},"end":{"line":31,"column":27}},"type":"binary-expr","locations":[{"start":{"line":31,"column":8},"end":{"line":31,"column":15}},{"start":{"line":31,"column":19},"end":{"line":31,"column":27}}],"line":31},"3":{"loc":{"start":{"line":58,"column":4},"end":{"line":60,"column":5}},"type":"if","locations":[{"start":{"line":58,"column":4},"end":{"line":60,"column":5}},{"start":{},"end":{}}],"line":58},"4":{"loc":{"start":{"line":104,"column":4},"end":{"line":106,"column":5}},"type":"if","locations":[{"start":{"line":104,"column":4},"end":{"line":106,"column":5}},{"start":{},"end":{}}],"line":104},"5":{"loc":{"start":{"line":120,"column":4},"end":{"line":122,"column":5}},"type":"if","locations":[{"start":{"line":120,"column":4},"end":{"line":122,"column":5}},{"start":{},"end":{}}],"line":120},"6":{"loc":{"start":{"line":120,"column":8},"end":{"line":120,"column":47}},"type":"binary-expr","locations":[{"start":{"line":120,"column":8},"end":{"line":120,"column":13}},{"start":{"line":120,"column":17},"end":{"line":120,"column":23}},{"start":{"line":120,"column":27},"end":{"line":120,"column":35}},{"start":{"line":120,"column":39},"end":{"line":120,"column":47}}],"line":120},"7":{"loc":{"start":{"line":141,"column":4},"end":{"line":143,"column":5}},"type":"if","locations":[{"start":{"line":141,"column":4},"end":{"line":143,"column":5}},{"start":{},"end":{}}],"line":141}},"s":{"0":0,"1":0,"2":0,"3":0,"4":0,"5":0,"6":0,"7":0,"8":0,"9":0,"10":0,"11":0,"12":0,"13":0,"14":0,"15":0,"16":0,"17":0,"18":0,"19":0,"20":0,"21":0,"22":0,"23":0,"24":0,"25":0,"26":0,"27":0,"28":0,"29":0,"30":0,"31":0,"32":0,"33":0,"34":0,"35":0,"36":0,"37":0,"38":0,"39":0,"40":0,"41":0,"42":0,"43":0,"44":0,"45":0,"46":0,"47":0,"48":0,"49":0,"50":0,"51":0,"52":0,"53":0,"54":0,"55":0,"56":0,"57":0,"58":0,"59":0,"60":0,"61":0,"62":0,"63":0,"64":0,"65":0,"66":0,"67":0,"68":0,"69":0,"70":0,"71":0,"72":0,"73":0,"74":0},"f":{"0":0,"1":0,"2":0,"3":0,"4":0,"5":0,"6":0,"7":0,"8":0,"9":0,"10":0,"11":0},"b":{"0":[0,0],"1":[0,0],"2":[0,0],"3":[0,0],"4":[0,0],"5":[0,0],"6":[0,0,0,0],"7":[0,0]}}
,"/Users/russellpowers/food and farm/config/database.js": {"path":"/Users/russellpowers/food and farm/config/database.js","statementMap":{"0":{"start":{"line":1,"column":17},"end":{"line":1,"column":30}},"1":{"start":{"line":3,"column":13},"end":{"line":9,"column":2}},"2":{"start":{"line":11,"column":0},"end":{"line":13,"column":2}},"3":{"start":{"line":12,"column":27},"end":{"line":12,"column":51}}},"fnMap":{"0":{"name":"(anonymous_0)","decl":{"start":{"line":12,"column":9},"end":{"line":12,"column":10}},"loc":{"start":{"line":12,"column":27},"end":{"line":12,"column":51}},"line":12}},"branchMap":{"0":{"loc":{"start":{"line":8,"column":8},"end":{"line":8,"column":35}},"type":"binary-expr","locations":[{"start":{"line":8,"column":8},"end":{"line":8,"column":27}},{"start":{"line":8,"column":31},"end":{"line":8,"column":35}}],"line":8}},"s":{"0":0,"1":0,"2":0,"3":0},"f":{"0":0},"b":{"0":[0,0]}}
,"/Users/russellpowers/food and farm/db/init.js": {"path":"/Users/russellpowers/food and farm/db/init.js","statementMap":{"0":{"start":{"line":1,"column":0},"end":{"line":1,"column":27}},"1":{"start":{"line":2,"column":11},"end":{"line":2,"column":24}},"2":{"start":{"line":3,"column":13},"end":{"line":3,"column":28}},"3":{"start":{"line":4,"column":17},"end":{"line":4,"column":30}},"4":{"start":{"line":6,"column":13},"end":{"line":12,"column":2}},"5":{"start":{"line":15,"column":2},"end":{"line":43,"column":3}},"6":{"start":{"line":17,"column":22},"end":{"line":17,"column":81}},"7":{"start":{"line":20,"column":20},"end":{"line":20,"column":77}},"8":{"start":{"line":23,"column":4},"end":{"line":23,"column":38}},"9":{"start":{"line":24,"column":4},"end":{"line":24,"column":32}},"10":{"start":{"line":25,"column":4},"end":{"line":25,"column":47}},"11":{"start":{"line":28,"column":4},"end":{"line":28,"column":39}},"12":{"start":{"line":29,"column":4},"end":{"line":29,"column":30}},"13":{"start":{"line":30,"column":4},"end":{"line":30,"column":48}},"14":{"start":{"line":33,"column":23},"end":{"line":33,"column":70}},"15":{"start":{"line":34,"column":4},"end":{"line":37,"column":5}},"16":{"start":{"line":35,"column":6},"end":{"line":35,"column":52}},"17":{"start":{"line":36,"column":6},"end":{"line":36,"column":47}},"18":{"start":{"line":40,"column":4},"end":{"line":40,"column":57}},"19":{"start":{"line":42,"column":4},"end":{"line":42,"column":21}},"20":{"start":{"line":46,"column":0},"end":{"line":46,"column":21}}},"fnMap":{"0":{"name":"initializeDatabase","decl":{"start":{"line":14,"column":15},"end":{"line":14,"column":33}},"loc":{"start":{"line":14,"column":36},"end":{"line":44,"column":1}},"line":14}},"branchMap":{"0":{"loc":{"start":{"line":11,"column":8},"end":{"line":11,"column":35}},"type":"binary-expr","locations":[{"start":{"line":11,"column":8},"end":{"line":11,"column":27}},{"start":{"line":11,"column":31},"end":{"line":11,"column":35}}],"line":11},"1":{"loc":{"start":{"line":34,"column":4},"end":{"line":37,"column":5}},"type":"if","locations":[{"start":{"line":34,"column":4},"end":{"line":37,"column":5}},{"start":{},"end":{}}],"line":34}},"s":{"0":0,"1":0,"2":0,"3":0,"4":0,"5":0,"6":0,"7":0,"8":0,"9":0,"10":0,"11":0,"12":0,"13":0,"14":0,"15":0,"16":0,"17":0,"18":0,"19":0,"20":0},"f":{"0":0},"b":{"0":[0,0],"1":[0,0]}}
,"/Users/russellpowers/food and farm/js/main.js": {"path":"/Users/russellpowers/food and farm/js/main.js","statementMap":{"0":{"start":{"line":2,"column":18},"end":{"line":2,"column":55}},"1":{"start":{"line":3,"column":16},"end":{"line":3,"column":71}},"2":{"start":{"line":5,"column":0},"end":{"line":7,"column":3}},"3":{"start":{"line":6,"column":2},"end":{"line":6,"column":37}},"4":{"start":{"line":10,"column":0},"end":{"line":15,"column":3}},"5":{"start":{"line":11,"column":2},"end":{"line":14,"column":5}},"6":{"start":{"line":12,"column":4},"end":{"line":12,"column":23}},"7":{"start":{"line":13,"column":4},"end":{"line":13,"column":93}}},"fnMap":{"0":{"name":"(anonymous_0)","decl":{"start":{"line":5,"column":36},"end":{"line":5,"column":37}},"loc":{"start":{"line":5,"column":42},"end":{"line":7,"column":1}},"line":5},"1":{"name":"(anonymous_1)","decl":{"start":{"line":10,"column":50},"end":{"line":10,"column":51}},"loc":{"start":{"line":10,"column":60},"end":{"line":15,"column":1}},"line":10},"2":{"name":"(anonymous_2)","decl":{"start":{"line":11,"column":35},"end":{"line":11,"column":36}},"loc":{"start":{"line":11,"column":47},"end":{"line":14,"column":3}},"line":11}},"branchMap":{},"s":{"0":0,"1":0,"2":0,"3":0,"4":0,"5":0,"6":0,"7":0},"f":{"0":0,"1":0,"2":0},"b":{}}
}
